2016-06-01 09:06:06 [127.0.0.1][-][-][error][yii\base\InvalidConfigException] exception 'yii\base\InvalidConfigException' with message 'The directory is not writable by the Web process: /var/www/redesocial/assets' in /var/www/redesocial/protected/vendor/yiisoft/yii2/web/AssetManager.php:213
Stack trace:
#0 /var/www/redesocial/protected/vendor/yiisoft/yii2/base/Object.php(107): yii\web\AssetManager->init()
#1 [internal function]: yii\base\Object->__construct(Array)
#2 /var/www/redesocial/protected/vendor/yiisoft/yii2/di/Container.php(374): ReflectionClass->newInstanceArgs(Array)
#3 /var/www/redesocial/protected/vendor/yiisoft/yii2/di/Container.php(153): yii\di\Container->build('yii\\web\\AssetMa...', Array, Array)
#4 /var/www/redesocial/protected/vendor/yiisoft/yii2/BaseYii.php(344): yii\di\Container->get('yii\\web\\AssetMa...', Array, Array)
#5 /var/www/redesocial/protected/vendor/yiisoft/yii2/di/ServiceLocator.php(133): yii\BaseYii::createObject(Array)
#6 /var/www/redesocial/protected/vendor/yiisoft/yii2/base/Application.php(600): yii\di\ServiceLocator->get('assetManager')
#7 /var/www/redesocial/protected/vendor/yiisoft/yii2/web/View.php(223): yii\base\Application->getAssetManager()
#8 /var/www/redesocial/protected/vendor/yiisoft/yii2/web/View.php(283): yii\web\View->getAssetManager()
#9 /var/www/redesocial/protected/vendor/yiisoft/yii2/web/AssetBundle.php(123): yii\web\View->registerAssetBundle('yii\\widgets\\Act...')
#10 /var/www/redesocial/protected/vendor/yiisoft/yii2/widgets/ActiveForm.php(205): yii\web\AssetBundle::register(Object(humhub\components\View))
#11 /var/www/redesocial/protected/vendor/yiisoft/yii2/base/Widget.php(73): yii\widgets\ActiveForm->run()
#12 /var/www/redesocial/protected/humhub/widgets/views/languageChooser.php(10): yii\base\Widget::end()
#13 /var/www/redesocial/protected/vendor/yiisoft/yii2/base/View.php(325): require('/var/www/redeso...')
#14 /var/www/redesocial/protected/vendor/yiisoft/yii2/base/View.php(247): yii\base\View->renderPhpFile('/var/www/redeso...', Array)
#15 /var/www/redesocial/protected/vendor/yiisoft/yii2/base/View.php(149): yii\base\View->renderFile('/var/www/redeso...', Array, Object(humhub\widgets\LanguageChooser))
#16 /var/www/redesocial/protected/vendor/yiisoft/yii2/base/Widget.php(191): yii\base\View->render('languageChooser', Array, Object(humhub\widgets\LanguageChooser))
#17 /var/www/redesocial/protected/humhub/widgets/LanguageChooser.php(41): yii\base\Widget->render('languageChooser', Array)
#18 /var/www/redesocial/protected/vendor/yiisoft/yii2/base/Widget.php(98): humhub\widgets\LanguageChooser->run()
#19 /var/www/redesocial/protected/humhub/modules/installer/views/index/index.php(25): yii\base\Widget::widget()
#20 /var/www/redesocial/protected/vendor/yiisoft/yii2/base/View.php(325): require('/var/www/redeso...')
#21 /var/www/redesocial/protected/vendor/yiisoft/yii2/base/View.php(247): yii\base\View->renderPhpFile('/var/www/redeso...', Array)
#22 /var/www/redesocial/protected/vendor/yiisoft/yii2/base/View.php(149): yii\base\View->renderFile('/var/www/redeso...', Array, Object(humhub\modules\installer\controllers\IndexController))
#23 /var/www/redesocial/protected/vendor/yiisoft/yii2/base/Controller.php(378): yii\base\View->render('index', Array, Object(humhub\modules\installer\controllers\IndexController))
#24 /var/www/redesocial/protected/humhub/modules/installer/controllers/IndexController.php(30): yii\base\Controller->render('index', Array)
#25 [internal function]: humhub\modules\installer\controllers\IndexController->actionIndex()
#26 /var/www/redesocial/protected/vendor/yiisoft/yii2/base/InlineAction.php(55): call_user_func_array(Array, Array)
#27 /var/www/redesocial/protected/vendor/yiisoft/yii2/base/Controller.php(154): yii\base\InlineAction->runWithParams(Array)
#28 /var/www/redesocial/protected/vendor/yiisoft/yii2/base/Module.php(454): yii\base\Controller->runAction('', Array)
#29 /var/www/redesocial/protected/vendor/yiisoft/yii2/web/Application.php(84): yii\base\Module->runAction('installer/index', Array)
#30 /var/www/redesocial/protected/vendor/yiisoft/yii2/base/Application.php(375): yii\web\Application->handleRequest(Object(humhub\components\Request))
#31 /var/www/redesocial/index.php(25): yii\base\Application->run()
#32 {main}
2016-06-01 09:06:06 [127.0.0.1][-][-][info][application] $_GET = [
    'r' => 'installer/index'
]

$_SERVER = [
    'HTTP_HOST' => 'localhost'
    'HTTP_USER_AGENT' => 'Mozilla/5.0 (X11; Ubuntu; Linux x86_64; rv:46.0) Gecko/20100101 Firefox/46.0'
    'HTTP_ACCEPT' => 'text/html,application/xhtml+xml,application/xml;q=0.9,*/*;q=0.8'
    'HTTP_ACCEPT_LANGUAGE' => 'en-US,en;q=0.5'
    'HTTP_ACCEPT_ENCODING' => 'gzip, deflate'
    'HTTP_CONNECTION' => 'keep-alive'
    'PATH' => '/usr/local/sbin:/usr/local/bin:/usr/sbin:/usr/bin:/sbin:/bin'
    'SERVER_SIGNATURE' => '<address>Apache/2.4.12 (Ubuntu) Server at localhost Port 80</address>
'
    'SERVER_SOFTWARE' => 'Apache/2.4.12 (Ubuntu)'
    'SERVER_NAME' => 'localhost'
    'SERVER_ADDR' => '127.0.0.1'
    'SERVER_PORT' => '80'
    'REMOTE_ADDR' => '127.0.0.1'
    'DOCUMENT_ROOT' => '/var/www'
    'REQUEST_SCHEME' => 'http'
    'CONTEXT_PREFIX' => ''
    'CONTEXT_DOCUMENT_ROOT' => '/var/www'
    'SERVER_ADMIN' => 'webmaster@localhost'
    'SCRIPT_FILENAME' => '/var/www/redesocial/index.php'
    'REMOTE_PORT' => '46028'
    'GATEWAY_INTERFACE' => 'CGI/1.1'
    'SERVER_PROTOCOL' => 'HTTP/1.1'
    'REQUEST_METHOD' => 'GET'
    'QUERY_STRING' => 'r=installer%2Findex'
    'REQUEST_URI' => '/redesocial/index.php?r=installer%2Findex'
    'SCRIPT_NAME' => '/redesocial/index.php'
    'PHP_SELF' => '/redesocial/index.php'
    'REQUEST_TIME_FLOAT' => 1464782766.601
    'REQUEST_TIME' => 1464782766
]
2016-06-01 09:06:07 [127.0.0.1][-][-][warning][yii\log\Dispatcher::dispatch] Unable to send log via yii\log\DbTarget: Exception (Database Exception) 'yii\db\Exception' with message 'SQLSTATE[28000] [1045] Access denied for user 'www-data'@'localhost' (using password: NO)' 

in /var/www/redesocial/protected/vendor/yiisoft/yii2/db/Connection.php:547

Stack trace:
#0 /var/www/redesocial/protected/vendor/yiisoft/yii2/db/Connection.php(861): yii\db\Connection->open()
#1 /var/www/redesocial/protected/vendor/yiisoft/yii2/db/Connection.php(848): yii\db\Connection->getMasterPdo()
#2 /var/www/redesocial/protected/vendor/yiisoft/yii2/db/Schema.php(480): yii\db\Connection->getSlavePdo()
#3 /var/www/redesocial/protected/vendor/yiisoft/yii2/db/Connection.php(757): yii\db\Schema->quoteValue('yii\\base\\Invali...')
#4 /var/www/redesocial/protected/vendor/yiisoft/yii2/db/Command.php(175): yii\db\Connection->quoteValue('yii\\base\\Invali...')
#5 /var/www/redesocial/protected/vendor/yiisoft/yii2/db/Command.php(830): yii\db\Command->getRawSql()
#6 /var/www/redesocial/protected/vendor/yiisoft/yii2/log/DbTarget.php(83): yii\db\Command->execute()
#7 /var/www/redesocial/protected/vendor/yiisoft/yii2/log/Target.php(111): yii\log\DbTarget->export()
#8 /var/www/redesocial/protected/vendor/yiisoft/yii2/log/Dispatcher.php(188): yii\log\Target->collect(Array, true)
#9 /var/www/redesocial/protected/vendor/yiisoft/yii2/log/Logger.php(173): yii\log\Dispatcher->dispatch(Array, true)
#10 /var/www/redesocial/protected/vendor/yiisoft/yii2/base/ErrorHandler.php(111): yii\log\Logger->flush(true)
#11 [internal function]: yii\base\ErrorHandler->handleException(Object(yii\base\InvalidConfigException))
#12 {main}
2016-06-01 09:06:06 [127.0.0.1][-][-][info][application] $_GET = [
    'r' => 'installer/index'
]

$_SERVER = [
    'HTTP_HOST' => 'localhost'
    'HTTP_USER_AGENT' => 'Mozilla/5.0 (X11; Ubuntu; Linux x86_64; rv:46.0) Gecko/20100101 Firefox/46.0'
    'HTTP_ACCEPT' => 'text/html,application/xhtml+xml,application/xml;q=0.9,*/*;q=0.8'
    'HTTP_ACCEPT_LANGUAGE' => 'en-US,en;q=0.5'
    'HTTP_ACCEPT_ENCODING' => 'gzip, deflate'
    'HTTP_CONNECTION' => 'keep-alive'
    'PATH' => '/usr/local/sbin:/usr/local/bin:/usr/sbin:/usr/bin:/sbin:/bin'
    'SERVER_SIGNATURE' => '<address>Apache/2.4.12 (Ubuntu) Server at localhost Port 80</address>
'
    'SERVER_SOFTWARE' => 'Apache/2.4.12 (Ubuntu)'
    'SERVER_NAME' => 'localhost'
    'SERVER_ADDR' => '127.0.0.1'
    'SERVER_PORT' => '80'
    'REMOTE_ADDR' => '127.0.0.1'
    'DOCUMENT_ROOT' => '/var/www'
    'REQUEST_SCHEME' => 'http'
    'CONTEXT_PREFIX' => ''
    'CONTEXT_DOCUMENT_ROOT' => '/var/www'
    'SERVER_ADMIN' => 'webmaster@localhost'
    'SCRIPT_FILENAME' => '/var/www/redesocial/index.php'
    'REMOTE_PORT' => '46028'
    'GATEWAY_INTERFACE' => 'CGI/1.1'
    'SERVER_PROTOCOL' => 'HTTP/1.1'
    'REQUEST_METHOD' => 'GET'
    'QUERY_STRING' => 'r=installer%2Findex'
    'REQUEST_URI' => '/redesocial/index.php?r=installer%2Findex'
    'SCRIPT_NAME' => '/redesocial/index.php'
    'PHP_SELF' => '/redesocial/index.php'
    'REQUEST_TIME_FLOAT' => 1464782766.601
    'REQUEST_TIME' => 1464782766
]
2016-06-01 10:26:31 [127.0.0.1][-][-][error][yii\base\ErrorException:2] exception 'yii\base\ErrorException' with message 'imagejpeg(/var/www/redesocial/uploads/profile_image/34e1743a-919e-46c8-b4c7-677463533d5b_org.jpg): failed to open stream: Permission denied' in /var/www/redesocial/protected/humhub/libs/ImageConverter.php:51
Stack trace:
#0 [internal function]: yii\base\ErrorHandler->handleError(2, 'imagejpeg(/var/...', '/var/www/redeso...', 51, Array)
#1 /var/www/redesocial/protected/humhub/libs/ImageConverter.php(51): imagejpeg(Resource id #15, '/var/www/redeso...', 100)
#2 /var/www/redesocial/protected/humhub/libs/ProfileImage.php(173): humhub\libs\ImageConverter::TransformToJpeg('/var/www/redeso...', '/var/www/redeso...')
#3 /var/www/redesocial/protected/humhub/modules/installer/controllers/ConfigController.php(237): humhub\libs\ProfileImage->setNew('/var/www/redeso...')
#4 [internal function]: humhub\modules\installer\controllers\ConfigController->actionSampleData()
#5 /var/www/redesocial/protected/vendor/yiisoft/yii2/base/InlineAction.php(55): call_user_func_array(Array, Array)
#6 /var/www/redesocial/protected/vendor/yiisoft/yii2/base/Controller.php(154): yii\base\InlineAction->runWithParams(Array)
#7 /var/www/redesocial/protected/vendor/yiisoft/yii2/base/Module.php(454): yii\base\Controller->runAction('sample-data', Array)
#8 /var/www/redesocial/protected/vendor/yiisoft/yii2/web/Application.php(84): yii\base\Module->runAction('installer/confi...', Array)
#9 /var/www/redesocial/protected/vendor/yiisoft/yii2/base/Application.php(375): yii\web\Application->handleRequest(Object(humhub\components\Request))
#10 /var/www/redesocial/index.php(25): yii\base\Application->run()
#11 {main}
2016-06-01 10:26:30 [127.0.0.1][-][-][info][application] $_GET = [
    'r' => 'installer/config/sample-data'
]

$_SERVER = [
    'HTTP_HOST' => 'localhost'
    'HTTP_USER_AGENT' => 'Mozilla/5.0 (X11; Ubuntu; Linux x86_64; rv:46.0) Gecko/20100101 Firefox/46.0'
    'HTTP_ACCEPT' => 'text/html,application/xhtml+xml,application/xml;q=0.9,*/*;q=0.8'
    'HTTP_ACCEPT_LANGUAGE' => 'en-US,en;q=0.5'
    'HTTP_ACCEPT_ENCODING' => 'gzip, deflate'
    'HTTP_REFERER' => 'http://localhost/redesocial/index.php?r=installer%2Fconfig%2Fsample-data'
    'HTTP_COOKIE' => '_csrf=44e7c37ebdb97356dd97cf36ff6407f8dca64d257ab7276926c0b9739b8c5957a%3A2%3A%7Bi%3A0%3Bs%3A5%3A%22_csrf%22%3Bi%3A1%3Bs%3A32%3A%22ZhMC62tIszAP_B5W13v-N2EivIoiokb3%22%3B%7D; PHPSESSID=tj2tm3bhu2io9ealq715rrvlu1'
    'HTTP_CONNECTION' => 'keep-alive'
    'CONTENT_TYPE' => 'application/x-www-form-urlencoded'
    'CONTENT_LENGTH' => '132'
    'PATH' => '/usr/local/sbin:/usr/local/bin:/usr/sbin:/usr/bin:/sbin:/bin'
    'SERVER_SIGNATURE' => '<address>Apache/2.4.12 (Ubuntu) Server at localhost Port 80</address>
'
    'SERVER_SOFTWARE' => 'Apache/2.4.12 (Ubuntu)'
    'SERVER_NAME' => 'localhost'
    'SERVER_ADDR' => '127.0.0.1'
    'SERVER_PORT' => '80'
    'REMOTE_ADDR' => '127.0.0.1'
    'DOCUMENT_ROOT' => '/var/www'
    'REQUEST_SCHEME' => 'http'
    'CONTEXT_PREFIX' => ''
    'CONTEXT_DOCUMENT_ROOT' => '/var/www'
    'SERVER_ADMIN' => 'webmaster@localhost'
    'SCRIPT_FILENAME' => '/var/www/redesocial/index.php'
    'REMOTE_PORT' => '48220'
    'GATEWAY_INTERFACE' => 'CGI/1.1'
    'SERVER_PROTOCOL' => 'HTTP/1.1'
    'REQUEST_METHOD' => 'POST'
    'QUERY_STRING' => 'r=installer%2Fconfig%2Fsample-data'
    'REQUEST_URI' => '/redesocial/index.php?r=installer%2Fconfig%2Fsample-data'
    'SCRIPT_NAME' => '/redesocial/index.php'
    'PHP_SELF' => '/redesocial/index.php'
    'REQUEST_TIME_FLOAT' => 1464787590.842
    'REQUEST_TIME' => 1464787590
]
